Compiling your contracts...
===========================
> Everything is up to date, there is nothing to compile.



Starting migrations...
======================
> Network name:    'rinkeby'
> Network id:      4
> Block gas limit: 10000000 (0x989680)


1_initial_migration.js
======================

   Replacing 'Migrations'
   ----------------------
   > transaction hash:    0x3e9b5ec7e77b4fa04d192efcfda3db176c75d94b24d68e50e2225e8e5fc4a99a
   > Blocks: 1            Seconds: 13
   > contract address:    0x2DcD6f10347244d0A856aE9f940e980F780F5A6C
   > block number:        8369869
   > block timestamp:     1617781694
   > account:             0x39b5eC693Cffe214E3a7a5182ba8FdbcD04bE60F
   > balance:             30.953619489
   > gas used:            248204 (0x3c98c)
   > gas price:           20 gwei
   > value sent:          0 ETH
   > total cost:          0.00496408 ETH


   > Saving migration to chain.
   > Saving artifacts
   -------------------------------------
   > Total cost:          0.00496408 ETH


2_govtrack_migration.js
=======================

   Deploying 'GovTrack'
   --------------------
   > transaction hash:    0x1f8882aedfc86bc60fd68739821860f75d360b46b6131c9fdd02d460a855a953
   > Blocks: 1            Seconds: 9
   > contract address:    0xd1b1E4D24D14BBb107a70253706e9515D483FAf3
   > block number:        8369871
   > block timestamp:     1617781724
   > account:             0x39b5eC693Cffe214E3a7a5182ba8FdbcD04bE60F
   > balance:             30.869679709
   > gas used:            4151076 (0x3f5724)
   > gas price:           20 gwei
   > value sent:          0 ETH
   > total cost:          0.08302152 ETH


   > Saving migration to chain.
   > Saving artifacts
   -------------------------------------
   > Total cost:          0.08302152 ETH


Summary
=======
> Total deployments:   2
> Final cost:          0.0879856 ETH
